# project  configured on Mon Jul 17 23:00:46 2017 by
# waf 1.7.11 (abi 98, python 2070af0 on darwin)
# using /Users/vrajori/Library/Application Support/Pebble SDK/SDKs/current/sdk-core/pebble/waf configure
#
----------------------------------------
Setting top to
/Users/vrajori/Documents/vmv-helloworld
----------------------------------------
Setting out to
/Users/vrajori/Documents/vmv-helloworld/build
----------------------------------------
Checking for program webpack
/Users/vrajori/Library/Application Support/Pebble SDK/SDKs/current/node_modules/.bin/webpack
find program=['webpack'] paths=['/Users/vrajori/Library/Application Support/Pebble SDK/SDKs/current/node_modules/.bin'] var='WEBPACK' -> '/Users/vrajori/Library/Application Support/Pebble SDK/SDKs/current/node_modules/.bin/webpack'
----------------------------------------
Checking for program node,nodejs
/Users/vrajori/.nvm/versions/node/v5.12.0/bin/node
find program=['node', 'nodejs'] paths=['/usr/local/Cellar/pebble-toolchain/2.0/arm-cs-tools/bin', '/Users/vrajori/.nvm/versions/node/v5.12.0/bin', '/usr/local/bin', '/usr/bin', '/bin', '/usr/sbin', '/sbin', '/opt/X11/bin', '/usr/local/git/bin', '/Applications/apache-maven-3.3.3/bin', '/Users/vrajori/Documents/Android/android-sdk-macosx', '/Users/vrajori/Documents/Android/android-sdk-macosx/platform-tools', '/Applications/apache-maven-3.3.3/bin', '/Users/vrajori/Documents/Android/android-sdk-macosx', '/Users/vrajori/Documents/Android/android-sdk-macosx/platform-tools'] var='NODE' -> '/Users/vrajori/.nvm/versions/node/v5.12.0/bin/node'
----------------------------------------
Found Pebble SDK for emery in:
/Users/vrajori/Library/Application Support/Pebble SDK/SDKs/current/sdk-core/pebble/emery
----------------------------------------
Checking for program gcc,cc
arm-none-eabi-gcc
find program=['gcc', 'cc'] paths='' var='CC' -> 'arm-none-eabi-gcc'
----------------------------------------
Checking for program ar
arm-none-eabi-ar
find program=['ar'] paths='' var='AR' -> 'arm-none-eabi-ar'
----------------------------------------
Found Pebble SDK for diorite in:
/Users/vrajori/Library/Application Support/Pebble SDK/SDKs/current/sdk-core/pebble/diorite
----------------------------------------
Checking for program gcc,cc
arm-none-eabi-gcc
find program=['gcc', 'cc'] paths='' var='CC' -> 'arm-none-eabi-gcc'
----------------------------------------
Checking for program ar
arm-none-eabi-ar
find program=['ar'] paths='' var='AR' -> 'arm-none-eabi-ar'
----------------------------------------
Found Pebble SDK for chalk in:
/Users/vrajori/Library/Application Support/Pebble SDK/SDKs/current/sdk-core/pebble/chalk
----------------------------------------
Checking for program gcc,cc
arm-none-eabi-gcc
find program=['gcc', 'cc'] paths='' var='CC' -> 'arm-none-eabi-gcc'
----------------------------------------
Checking for program ar
arm-none-eabi-ar
find program=['ar'] paths='' var='AR' -> 'arm-none-eabi-ar'
----------------------------------------
Found Pebble SDK for basalt in:
/Users/vrajori/Library/Application Support/Pebble SDK/SDKs/current/sdk-core/pebble/basalt
----------------------------------------
Checking for program gcc,cc
arm-none-eabi-gcc
find program=['gcc', 'cc'] paths='' var='CC' -> 'arm-none-eabi-gcc'
----------------------------------------
Checking for program ar
arm-none-eabi-ar
find program=['ar'] paths='' var='AR' -> 'arm-none-eabi-ar'
